<?xml version="1.0" encoding="UTF-8"?>
<!-- Generated by org.testng.reporters.JUnitReportReporter -->
<testsuite hostname="DESKTOP-1FC6R7M" failures="0" tests="1" name="com.achived.testcase.FilterTest" time="14.170" errors="0" timestamp="2025-01-01T20:03:26 IST" skipped="0">
  <testcase classname="com.achived.testcase.FilterTest" name="verrifyDesciptionofSearchResultofTshite" time="14.170"/>
  <system-out/>
</testsuite> <!-- com.achived.testcase.FilterTest -->
